<?xml version="1.0" encoding="UTF-8"?>
<!-- Generated by org.testng.reporters.JUnitXMLReporter -->
<testsuite ignored="0" hostname="DESKTOP-O213TSE" failures="0" tests="3" name="Default test" time="15.944" errors="0" timestamp="2021-01-29T11:44:51 IST">
  <testcase classname="com.stackroute.RestAssuredTestAPI.TestClass03" name="test03" time="13.474"/>
  <testcase classname="com.stackroute.RestAssuredTestAPI.TestClass03" name="test04" time="1.694"/>
  <testcase classname="com.stackroute.RestAssuredTestAPI.TestClass03" name="test05" time="0.623"/>
</testsuite> <!-- Default test -->
