<?xml version="1.0" encoding="UTF-8"?>
<testng-results ignored="0" total="3" passed="3" failed="0" skipped="0">
  <reporter-output>
  </reporter-output>
  <suite started-at="2021-01-29T11:44:35 IST" name="Default suite" finished-at="2021-01-29T11:44:51 IST" duration-ms="15944">
    <groups>
    </groups>
    <test started-at="2021-01-29T11:44:35 IST" name="Default test" finished-at="2021-01-29T11:44:51 IST" duration-ms="15944">
      <class name="com.stackroute.RestAssuredTestAPI.TestClass03">
        <test-method signature="test03()[pri:0, instance:com.stackroute.RestAssuredTestAPI.TestClass03@366647c2]" started-at="2021-01-29T11:44:35 IST" name="test03" finished-at="2021-01-29T11:44:49 IST" duration-ms="13474" status="PASS">
          <reporter-output>
          </reporter-output>
        </test-method> <!-- test03 -->
        <test-method signature="test04()[pri:0, instance:com.stackroute.RestAssuredTestAPI.TestClass03@366647c2]" started-at="2021-01-29T11:44:49 IST" name="test04" finished-at="2021-01-29T11:44:50 IST" duration-ms="1694" status="PASS">
          <reporter-output>
          </reporter-output>
        </test-method> <!-- test04 -->
        <test-method signature="test05()[pri:0, instance:com.stackroute.RestAssuredTestAPI.TestClass03@366647c2]" started-at="2021-01-29T11:44:50 IST" name="test05" finished-at="2021-01-29T11:44:51 IST" duration-ms="623" status="PASS">
          <reporter-output>
          </reporter-output>
        </test-method> <!-- test05 -->
      </class> <!-- com.stackroute.RestAssuredTestAPI.TestClass03 -->
    </test> <!-- Default test -->
  </suite> <!-- Default suite -->
</testng-results>
